2020-02-11 11:46:09.204 [http-nio-8078-exec-7] ERROR com.otoko.startercommon.redisCache.RedisCache - 缓存对象获取失败java.lang.ClassCastException: org.apache.ibatis.cache.CacheKey cannot be cast to java.lang.String
2020-02-11 11:46:09.239 [http-nio-8078-exec-7] ERROR com.otoko.startercommon.redisCache.RedisCache - 缓存对象保存失败java.lang.ClassCastException: org.apache.ibatis.cache.CacheKey cannot be cast to java.lang.String
2020-02-11 11:46:09.302 [http-nio-8078-exec-7] ERROR org.thymeleaf.TemplateEngine - [THYMELEAF][http-nio-8078-exec-7] Exception processing template "system/form/modify": Exception evaluating SpringEL expression: "form['title']" (template: "system/form/modify" - line 19, col 143)
org.thymeleaf.exceptions.TemplateProcessingException: Exception evaluating SpringEL expression: "form['title']" (template: "system/form/modify" - line 19, col 143)
	at org.thymeleaf.spring5.expression.SPELVariableExpressionEvaluator.evaluate(SPELVariableExpressionEvaluator.java:290)
	at org.thymeleaf.standard.expression.VariableExpression.executeVariableExpression(VariableExpression.java:165)
	at org.thymeleaf.standard.expression.SimpleExpression.executeSimple(SimpleExpression.java:66)
	at org.thymeleaf.standard.expression.Expression.execute(Expression.java:109)
	at org.thymeleaf.standard.expression.Expression.execute(Expression.java:138)
	at org.thymeleaf.standard.processor.AbstractStandardExpressionAttributeTagProcessor.doProcess(AbstractStandardExpressionAttributeTagProcessor.java:126)
	at org.thymeleaf.processor.element.AbstractAttributeTagProcessor.doProcess(AbstractAttributeTagProcessor.java:74)
	at org.thymeleaf.processor.element.AbstractElementTagProcessor.process(AbstractElementTagProcessor.java:95)
	at org.thymeleaf.util.ProcessorConfigurationUtils$ElementTagProcessorWrapper.process(ProcessorConfigurationUtils.java:633)
	at org.thymeleaf.engine.ProcessorTemplateHandler.handleStandaloneElement(ProcessorTemplateHandler.java:918)
	at org.thymeleaf.engine.StandaloneElementTag.beHandled(StandaloneElementTag.java:228)
	at org.thymeleaf.engine.TemplateModel.process(TemplateModel.java:136)
	at org.thymeleaf.engine.TemplateManager.parseAndProcess(TemplateManager.java:661)
	at org.thymeleaf.TemplateEngine.process(TemplateEngine.java:1098)
	at org.thymeleaf.TemplateEngine.process(TemplateEngine.java:1072)
	at org.thymeleaf.spring5.view.ThymeleafView.renderFragment(ThymeleafView.java:354)
	at org.thymeleaf.spring5.view.ThymeleafView.render(ThymeleafView.java:187)
	at org.springframework.web.servlet.DispatcherServlet.render(DispatcherServlet.java:1325)
	at org.springframework.web.servlet.DispatcherServlet.processDispatchResult(DispatcherServlet.java:1069)
	at org.springframework.web.servlet.DispatcherServlet.doDispatch(DispatcherServlet.java:1008)
	at org.springframework.web.servlet.DispatcherServlet.doService(DispatcherServlet.java:925)
	at org.springframework.web.servlet.FrameworkServlet.processRequest(FrameworkServlet.java:974)
	at org.springframework.web.servlet.FrameworkServlet.doGet(FrameworkServlet.java:866)
	at javax.servlet.http.HttpServlet.service(HttpServlet.java:687)
	at org.springframework.web.servlet.FrameworkServlet.service(FrameworkServlet.java:851)
	at javax.servlet.http.HttpServlet.service(HttpServlet.java:790)
	at org.apache.catalina.core.ApplicationFilterChain.internalDoFilter(ApplicationFilterChain.java:231)
	at org.apache.catalina.core.ApplicationFilterChain.doFilter(ApplicationFilterChain.java:166)
	at org.apache.tomcat.websocket.server.WsFilter.doFilter(WsFilter.java:52)
	at org.apache.catalina.core.ApplicationFilterChain.internalDoFilter(ApplicationFilterChain.java:193)
	at org.apache.catalina.core.ApplicationFilterChain.doFilter(ApplicationFilterChain.java:166)
	at org.apache.shiro.web.servlet.ProxiedFilterChain.doFilter(ProxiedFilterChain.java:61)
	at org.apache.shiro.web.servlet.AdviceFilter.executeChain(AdviceFilter.java:108)
	at org.apache.shiro.web.servlet.AdviceFilter.doFilterInternal(AdviceFilter.java:137)
	at org.apache.shiro.web.servlet.OncePerRequestFilter.doFilter(OncePerRequestFilter.java:125)
	at org.apache.shiro.web.servlet.ProxiedFilterChain.doFilter(ProxiedFilterChain.java:66)
	at org.apache.shiro.web.servlet.AbstractShiroFilter.executeChain(AbstractShiroFilter.java:449)
	at org.apache.shiro.web.servlet.AbstractShiroFilter$1.call(AbstractShiroFilter.java:365)
	at org.apache.shiro.subject.support.SubjectCallable.doCall(SubjectCallable.java:90)
	at org.apache.shiro.subject.support.SubjectCallable.call(SubjectCallable.java:83)
	at org.apache.shiro.subject.support.DelegatingSubject.execute(DelegatingSubject.java:387)
	at org.apache.shiro.web.servlet.AbstractShiroFilter.doFilterInternal(AbstractShiroFilter.java:362)
	at org.apache.shiro.web.servlet.OncePerRequestFilter.doFilter(OncePerRequestFilter.java:125)
	at org.apache.catalina.core.ApplicationFilterChain.internalDoFilter(ApplicationFilterChain.java:193)
	at org.apache.catalina.core.ApplicationFilterChain.doFilter(ApplicationFilterChain.java:166)
	at com.otoko.starteradmincontroller.handler.ShiroOriginFilter.doFilter(ShiroOriginFilter.java:37)
	at org.apache.catalina.core.ApplicationFilterChain.internalDoFilter(ApplicationFilterChain.java:193)
	at org.apache.catalina.core.ApplicationFilterChain.doFilter(ApplicationFilterChain.java:166)
	at com.alibaba.druid.support.http.WebStatFilter.doFilter(WebStatFilter.java:123)
	at org.apache.catalina.core.ApplicationFilterChain.internalDoFilter(ApplicationFilterChain.java:193)
	at org.apache.catalina.core.ApplicationFilterChain.doFilter(ApplicationFilterChain.java:166)
	at org.springframework.web.filter.RequestContextFilter.doFilterInternal(RequestContextFilter.java:99)
	at org.springframework.web.filter.OncePerRequestFilter.doFilter(OncePerRequestFilter.java:107)
	at org.apache.catalina.core.ApplicationFilterChain.internalDoFilter(ApplicationFilterChain.java:193)
	at org.apache.catalina.core.ApplicationFilterChain.doFilter(ApplicationFilterChain.java:166)
	at org.springframework.web.filter.HttpPutFormContentFilter.doFilterInternal(HttpPutFormContentFilter.java:109)
	at org.springframework.web.filter.OncePerRequestFilter.doFilter(OncePerRequestFilter.java:107)
	at org.apache.catalina.core.ApplicationFilterChain.internalDoFilter(ApplicationFilterChain.java:193)
	at org.apache.catalina.core.ApplicationFilterChain.doFilter(ApplicationFilterChain.java:166)
	at org.springframework.web.filter.HiddenHttpMethodFilter.doFilterInternal(HiddenHttpMethodFilter.java:93)
	at org.springframework.web.filter.OncePerRequestFilter.doFilter(OncePerRequestFilter.java:107)
	at org.apache.catalina.core.ApplicationFilterChain.internalDoFilter(ApplicationFilterChain.java:193)
	at org.apache.catalina.core.ApplicationFilterChain.doFilter(ApplicationFilterChain.java:166)
	at org.springframework.session.web.http.SessionRepositoryFilter.doFilterInternal(SessionRepositoryFilter.java:147)
	at org.springframework.session.web.http.OncePerRequestFilter.doFilter(OncePerRequestFilter.java:81)
	at org.apache.catalina.core.ApplicationFilterChain.internalDoFilter(ApplicationFilterChain.java:193)
	at org.apache.catalina.core.ApplicationFilterChain.doFilter(ApplicationFilterChain.java:166)
	at org.springframework.web.filter.CharacterEncodingFilter.doFilterInternal(CharacterEncodingFilter.java:200)
	at org.springframework.web.filter.OncePerRequestFilter.doFilter(OncePerRequestFilter.java:107)
	at org.apache.catalina.core.ApplicationFilterChain.internalDoFilter(ApplicationFilterChain.java:193)
	at org.apache.catalina.core.ApplicationFilterChain.doFilter(ApplicationFilterChain.java:166)
	at org.apache.catalina.core.StandardWrapperValve.invoke(StandardWrapperValve.java:198)
	at org.apache.catalina.core.StandardContextValve.invoke(StandardContextValve.java:96)
	at org.apache.catalina.authenticator.AuthenticatorBase.invoke(AuthenticatorBase.java:493)
	at org.apache.catalina.core.StandardHostValve.invoke(StandardHostValve.java:140)
	at org.apache.catalina.valves.ErrorReportValve.invoke(ErrorReportValve.java:81)
	at org.apache.catalina.core.StandardEngineValve.invoke(StandardEngineValve.java:87)
	at org.apache.catalina.connector.CoyoteAdapter.service(CoyoteAdapter.java:342)
	at org.apache.coyote.http11.Http11Processor.service(Http11Processor.java:800)
	at org.apache.coyote.AbstractProcessorLight.process(AbstractProcessorLight.java:66)
	at org.apache.coyote.AbstractProtocol$ConnectionHandler.process(AbstractProtocol.java:806)
	at org.apache.tomcat.util.net.NioEndpoint$SocketProcessor.doRun(NioEndpoint.java:1498)
	at org.apache.tomcat.util.net.SocketProcessorBase.run(SocketProcessorBase.java:49)
	at java.util.concurrent.ThreadPoolExecutor.runWorker(ThreadPoolExecutor.java:1149)
	at java.util.concurrent.ThreadPoolExecutor$Worker.run(ThreadPoolExecutor.java:624)
	at org.apache.tomcat.util.threads.TaskThread$WrappingRunnable.run(TaskThread.java:61)
	at java.lang.Thread.run(Thread.java:748)
Caused by: org.springframework.expression.spel.SpelEvaluationException: EL1012E: Cannot index into a null value
	at org.springframework.expression.spel.ast.Indexer.getValueRef(Indexer.java:144)
	at org.springframework.expression.spel.ast.CompoundExpression.getValueRef(CompoundExpression.java:67)
	at org.springframework.expression.spel.ast.CompoundExpression.getValueInternal(CompoundExpression.java:88)
	at org.springframework.expression.spel.ast.SpelNodeImpl.getValue(SpelNodeImpl.java:111)
	at org.springframework.expression.spel.standard.SpelExpression.getValue(SpelExpression.java:328)
	at org.thymeleaf.spring5.expression.SPELVariableExpressionEvaluator.evaluate(SPELVariableExpressionEvaluator.java:263)
	... 86 common frames omitted
2020-02-11 11:46:09.309 [http-nio-8078-exec-7] ERROR org.apache.catalina.core.ContainerBase.[Tomcat].[localhost].[/].[dispatcherServlet] - Servlet.service() for servlet [dispatcherServlet] in context with path [] threw exception [Request processing failed; nested exception is org.thymeleaf.exceptions.TemplateProcessingException: Exception evaluating SpringEL expression: "form['title']" (template: "system/form/modify" - line 19, col 143)] with root cause
org.springframework.expression.spel.SpelEvaluationException: EL1012E: Cannot index into a null value
	at org.springframework.expression.spel.ast.Indexer.getValueRef(Indexer.java:144)
	at org.springframework.expression.spel.ast.CompoundExpression.getValueRef(CompoundExpression.java:67)
	at org.springframework.expression.spel.ast.CompoundExpression.getValueInternal(CompoundExpression.java:88)
	at org.springframework.expression.spel.ast.SpelNodeImpl.getValue(SpelNodeImpl.java:111)
	at org.springframework.expression.spel.standard.SpelExpression.getValue(SpelExpression.java:328)
	at org.thymeleaf.spring5.expression.SPELVariableExpressionEvaluator.evaluate(SPELVariableExpressionEvaluator.java:263)
	at org.thymeleaf.standard.expression.VariableExpression.executeVariableExpression(VariableExpression.java:165)
	at org.thymeleaf.standard.expression.SimpleExpression.executeSimple(SimpleExpression.java:66)
	at org.thymeleaf.standard.expression.Expression.execute(Expression.java:109)
	at org.thymeleaf.standard.expression.Expression.execute(Expression.java:138)
	at org.thymeleaf.standard.processor.AbstractStandardExpressionAttributeTagProcessor.doProcess(AbstractStandardExpressionAttributeTagProcessor.java:126)
	at org.thymeleaf.processor.element.AbstractAttributeTagProcessor.doProcess(AbstractAttributeTagProcessor.java:74)
	at org.thymeleaf.processor.element.AbstractElementTagProcessor.process(AbstractElementTagProcessor.java:95)
	at org.thymeleaf.util.ProcessorConfigurationUtils$ElementTagProcessorWrapper.process(ProcessorConfigurationUtils.java:633)
	at org.thymeleaf.engine.ProcessorTemplateHandler.handleStandaloneElement(ProcessorTemplateHandler.java:918)
	at org.thymeleaf.engine.StandaloneElementTag.beHandled(StandaloneElementTag.java:228)
	at org.thymeleaf.engine.TemplateModel.process(TemplateModel.java:136)
	at org.thymeleaf.engine.TemplateManager.parseAndProcess(TemplateManager.java:661)
	at org.thymeleaf.TemplateEngine.process(TemplateEngine.java:1098)
	at org.thymeleaf.TemplateEngine.process(TemplateEngine.java:1072)
	at org.thymeleaf.spring5.view.ThymeleafView.renderFragment(ThymeleafView.java:354)
	at org.thymeleaf.spring5.view.ThymeleafView.render(ThymeleafView.java:187)
	at org.springframework.web.servlet.DispatcherServlet.render(DispatcherServlet.java:1325)
	at org.springframework.web.servlet.DispatcherServlet.processDispatchResult(DispatcherServlet.java:1069)
	at org.springframework.web.servlet.DispatcherServlet.doDispatch(DispatcherServlet.java:1008)
	at org.springframework.web.servlet.DispatcherServlet.doService(DispatcherServlet.java:925)
	at org.springframework.web.servlet.FrameworkServlet.processRequest(FrameworkServlet.java:974)
	at org.springframework.web.servlet.FrameworkServlet.doGet(FrameworkServlet.java:866)
	at javax.servlet.http.HttpServlet.service(HttpServlet.java:687)
	at org.springframework.web.servlet.FrameworkServlet.service(FrameworkServlet.java:851)
	at javax.servlet.http.HttpServlet.service(HttpServlet.java:790)
	at org.apache.catalina.core.ApplicationFilterChain.internalDoFilter(ApplicationFilterChain.java:231)
	at org.apache.catalina.core.ApplicationFilterChain.doFilter(ApplicationFilterChain.java:166)
	at org.apache.tomcat.websocket.server.WsFilter.doFilter(WsFilter.java:52)
	at org.apache.catalina.core.ApplicationFilterChain.internalDoFilter(ApplicationFilterChain.java:193)
	at org.apache.catalina.core.ApplicationFilterChain.doFilter(ApplicationFilterChain.java:166)
	at org.apache.shiro.web.servlet.ProxiedFilterChain.doFilter(ProxiedFilterChain.java:61)
	at org.apache.shiro.web.servlet.AdviceFilter.executeChain(AdviceFilter.java:108)
	at org.apache.shiro.web.servlet.AdviceFilter.doFilterInternal(AdviceFilter.java:137)
	at org.apache.shiro.web.servlet.OncePerRequestFilter.doFilter(OncePerRequestFilter.java:125)
	at org.apache.shiro.web.servlet.ProxiedFilterChain.doFilter(ProxiedFilterChain.java:66)
	at org.apache.shiro.web.servlet.AbstractShiroFilter.executeChain(AbstractShiroFilter.java:449)
	at org.apache.shiro.web.servlet.AbstractShiroFilter$1.call(AbstractShiroFilter.java:365)
	at org.apache.shiro.subject.support.SubjectCallable.doCall(SubjectCallable.java:90)
	at org.apache.shiro.subject.support.SubjectCallable.call(SubjectCallable.java:83)
	at org.apache.shiro.subject.support.DelegatingSubject.execute(DelegatingSubject.java:387)
	at org.apache.shiro.web.servlet.AbstractShiroFilter.doFilterInternal(AbstractShiroFilter.java:362)
	at org.apache.shiro.web.servlet.OncePerRequestFilter.doFilter(OncePerRequestFilter.java:125)
	at org.apache.catalina.core.ApplicationFilterChain.internalDoFilter(ApplicationFilterChain.java:193)
	at org.apache.catalina.core.ApplicationFilterChain.doFilter(ApplicationFilterChain.java:166)
	at com.otoko.starteradmincontroller.handler.ShiroOriginFilter.doFilter(ShiroOriginFilter.java:37)
	at org.apache.catalina.core.ApplicationFilterChain.internalDoFilter(ApplicationFilterChain.java:193)
	at org.apache.catalina.core.ApplicationFilterChain.doFilter(ApplicationFilterChain.java:166)
	at com.alibaba.druid.support.http.WebStatFilter.doFilter(WebStatFilter.java:123)
	at org.apache.catalina.core.ApplicationFilterChain.internalDoFilter(ApplicationFilterChain.java:193)
	at org.apache.catalina.core.ApplicationFilterChain.doFilter(ApplicationFilterChain.java:166)
	at org.springframework.web.filter.RequestContextFilter.doFilterInternal(RequestContextFilter.java:99)
	at org.springframework.web.filter.OncePerRequestFilter.doFilter(OncePerRequestFilter.java:107)
	at org.apache.catalina.core.ApplicationFilterChain.internalDoFilter(ApplicationFilterChain.java:193)
	at org.apache.catalina.core.ApplicationFilterChain.doFilter(ApplicationFilterChain.java:166)
	at org.springframework.web.filter.HttpPutFormContentFilter.doFilterInternal(HttpPutFormContentFilter.java:109)
	at org.springframework.web.filter.OncePerRequestFilter.doFilter(OncePerRequestFilter.java:107)
	at org.apache.catalina.core.ApplicationFilterChain.internalDoFilter(ApplicationFilterChain.java:193)
	at org.apache.catalina.core.ApplicationFilterChain.doFilter(ApplicationFilterChain.java:166)
	at org.springframework.web.filter.HiddenHttpMethodFilter.doFilterInternal(HiddenHttpMethodFilter.java:93)
	at org.springframework.web.filter.OncePerRequestFilter.doFilter(OncePerRequestFilter.java:107)
	at org.apache.catalina.core.ApplicationFilterChain.internalDoFilter(ApplicationFilterChain.java:193)
	at org.apache.catalina.core.ApplicationFilterChain.doFilter(ApplicationFilterChain.java:166)
	at org.springframework.session.web.http.SessionRepositoryFilter.doFilterInternal(SessionRepositoryFilter.java:147)
	at org.springframework.session.web.http.OncePerRequestFilter.doFilter(OncePerRequestFilter.java:81)
	at org.apache.catalina.core.ApplicationFilterChain.internalDoFilter(ApplicationFilterChain.java:193)
	at org.apache.catalina.core.ApplicationFilterChain.doFilter(ApplicationFilterChain.java:166)
	at org.springframework.web.filter.CharacterEncodingFilter.doFilterInternal(CharacterEncodingFilter.java:200)
	at org.springframework.web.filter.OncePerRequestFilter.doFilter(OncePerRequestFilter.java:107)
	at org.apache.catalina.core.ApplicationFilterChain.internalDoFilter(ApplicationFilterChain.java:193)
	at org.apache.catalina.core.ApplicationFilterChain.doFilter(ApplicationFilterChain.java:166)
	at org.apache.catalina.core.StandardWrapperValve.invoke(StandardWrapperValve.java:198)
	at org.apache.catalina.core.StandardContextValve.invoke(StandardContextValve.java:96)
	at org.apache.catalina.authenticator.AuthenticatorBase.invoke(AuthenticatorBase.java:493)
	at org.apache.catalina.core.StandardHostValve.invoke(StandardHostValve.java:140)
	at org.apache.catalina.valves.ErrorReportValve.invoke(ErrorReportValve.java:81)
	at org.apache.catalina.core.StandardEngineValve.invoke(StandardEngineValve.java:87)
	at org.apache.catalina.connector.CoyoteAdapter.service(CoyoteAdapter.java:342)
	at org.apache.coyote.http11.Http11Processor.service(Http11Processor.java:800)
	at org.apache.coyote.AbstractProcessorLight.process(AbstractProcessorLight.java:66)
	at org.apache.coyote.AbstractProtocol$ConnectionHandler.process(AbstractProtocol.java:806)
	at org.apache.tomcat.util.net.NioEndpoint$SocketProcessor.doRun(NioEndpoint.java:1498)
	at org.apache.tomcat.util.net.SocketProcessorBase.run(SocketProcessorBase.java:49)
	at java.util.concurrent.ThreadPoolExecutor.runWorker(ThreadPoolExecutor.java:1149)
	at java.util.concurrent.ThreadPoolExecutor$Worker.run(ThreadPoolExecutor.java:624)
	at org.apache.tomcat.util.threads.TaskThread$WrappingRunnable.run(TaskThread.java:61)
	at java.lang.Thread.run(Thread.java:748)
2020-02-11 12:00:31.945 [http-nio-8078-exec-6] ERROR com.otoko.startercommon.redisCache.RedisCache - 缓存对象获取失败java.lang.ClassCastException: org.apache.ibatis.cache.CacheKey cannot be cast to java.lang.String
2020-02-11 12:00:31.954 [http-nio-8078-exec-6] ERROR com.otoko.startercommon.redisCache.RedisCache - 缓存对象保存失败java.lang.ClassCastException: org.apache.ibatis.cache.CacheKey cannot be cast to java.lang.String
2020-02-11 12:00:44.843 [http-nio-8078-exec-3] ERROR com.otoko.startercommon.redisCache.RedisCache - 缓存对象获取失败java.lang.ClassCastException: org.apache.ibatis.cache.CacheKey cannot be cast to java.lang.String
2020-02-11 12:00:44.848 [http-nio-8078-exec-3] ERROR com.otoko.startercommon.redisCache.RedisCache - 缓存对象保存失败java.lang.ClassCastException: org.apache.ibatis.cache.CacheKey cannot be cast to java.lang.String
2020-02-11 12:00:49.994 [http-nio-8078-exec-7] ERROR com.otoko.startercommon.redisCache.RedisCache - 缓存对象获取失败java.lang.ClassCastException: org.apache.ibatis.cache.CacheKey cannot be cast to java.lang.String
2020-02-11 12:00:49.998 [http-nio-8078-exec-7] ERROR com.otoko.startercommon.redisCache.RedisCache - 缓存对象保存失败java.lang.ClassCastException: org.apache.ibatis.cache.CacheKey cannot be cast to java.lang.String
2020-02-11 12:01:08.428 [http-nio-8078-exec-10] ERROR com.otoko.startercommon.redisCache.RedisCache - 缓存对象获取失败java.lang.ClassCastException: org.apache.ibatis.cache.CacheKey cannot be cast to java.lang.String
2020-02-11 12:01:08.433 [http-nio-8078-exec-10] ERROR com.otoko.startercommon.redisCache.RedisCache - 缓存对象保存失败java.lang.ClassCastException: org.apache.ibatis.cache.CacheKey cannot be cast to java.lang.String
2020-02-11 15:56:32.532 [http-nio-8078-exec-6] ERROR com.otoko.startercommon.redisCache.RedisCache - 缓存对象获取失败java.lang.ClassCastException: org.apache.ibatis.cache.CacheKey cannot be cast to java.lang.String
2020-02-11 15:56:32.750 [http-nio-8078-exec-6] ERROR com.otoko.startercommon.redisCache.RedisCache - 缓存对象保存失败java.lang.ClassCastException: org.apache.ibatis.cache.CacheKey cannot be cast to java.lang.String
2020-02-11 15:59:59.192 [http-nio-8078-exec-1] ERROR com.otoko.startercommon.redisCache.RedisCache - 缓存对象获取失败java.lang.ClassCastException: org.apache.ibatis.cache.CacheKey cannot be cast to java.lang.String
2020-02-11 15:59:59.202 [http-nio-8078-exec-1] ERROR com.otoko.startercommon.redisCache.RedisCache - 缓存对象保存失败java.lang.ClassCastException: org.apache.ibatis.cache.CacheKey cannot be cast to java.lang.String
2020-02-11 16:00:08.716 [http-nio-8078-exec-9] ERROR com.otoko.startercommon.redisCache.RedisCache - 缓存对象获取失败java.lang.ClassCastException: org.apache.ibatis.cache.CacheKey cannot be cast to java.lang.String
2020-02-11 16:00:08.721 [http-nio-8078-exec-9] ERROR com.otoko.startercommon.redisCache.RedisCache - 缓存对象保存失败java.lang.ClassCastException: org.apache.ibatis.cache.CacheKey cannot be cast to java.lang.String
2020-02-11 16:03:36.114 [http-nio-8078-exec-6] ERROR com.otoko.startercommon.redisCache.RedisCache - 缓存对象获取失败java.lang.ClassCastException: org.apache.ibatis.cache.CacheKey cannot be cast to java.lang.String
2020-02-11 16:03:36.126 [http-nio-8078-exec-6] ERROR com.otoko.startercommon.redisCache.RedisCache - 缓存对象保存失败java.lang.ClassCastException: org.apache.ibatis.cache.CacheKey cannot be cast to java.lang.String
2020-02-11 16:20:04.984 [http-nio-8078-exec-4] ERROR com.otoko.startercommon.redisCache.RedisCache - 缓存对象获取失败java.lang.ClassCastException: org.apache.ibatis.cache.CacheKey cannot be cast to java.lang.String
2020-02-11 16:20:04.992 [http-nio-8078-exec-4] ERROR com.otoko.startercommon.redisCache.RedisCache - 缓存对象保存失败java.lang.ClassCastException: org.apache.ibatis.cache.CacheKey cannot be cast to java.lang.String
2020-02-11 16:37:11.545 [http-nio-8078-exec-1] ERROR com.otoko.startercommon.redisCache.RedisCache - 缓存对象获取失败java.lang.ClassCastException: org.apache.ibatis.cache.CacheKey cannot be cast to java.lang.String
2020-02-11 16:37:11.553 [http-nio-8078-exec-1] ERROR com.otoko.startercommon.redisCache.RedisCache - 缓存对象保存失败java.lang.ClassCastException: org.apache.ibatis.cache.CacheKey cannot be cast to java.lang.String
2020-02-11 16:37:16.805 [http-nio-8078-exec-4] ERROR com.otoko.startercommon.redisCache.RedisCache - 缓存对象获取失败java.lang.ClassCastException: org.apache.ibatis.cache.CacheKey cannot be cast to java.lang.String
2020-02-11 16:37:16.809 [http-nio-8078-exec-4] ERROR com.otoko.startercommon.redisCache.RedisCache - 缓存对象保存失败java.lang.ClassCastException: org.apache.ibatis.cache.CacheKey cannot be cast to java.lang.String
2020-02-11 16:37:21.367 [http-nio-8078-exec-6] ERROR com.otoko.startercommon.redisCache.RedisCache - 缓存对象获取失败java.lang.ClassCastException: org.apache.ibatis.cache.CacheKey cannot be cast to java.lang.String
2020-02-11 16:37:21.472 [http-nio-8078-exec-6] ERROR com.otoko.startercommon.redisCache.RedisCache - 缓存对象保存失败java.lang.ClassCastException: org.apache.ibatis.cache.CacheKey cannot be cast to java.lang.String
2020-02-11 16:43:36.466 [http-nio-8078-exec-4] ERROR com.otoko.startercommon.redisCache.RedisCache - 缓存对象获取失败java.lang.ClassCastException: org.apache.ibatis.cache.CacheKey cannot be cast to java.lang.String
2020-02-11 16:43:36.475 [http-nio-8078-exec-4] ERROR com.otoko.startercommon.redisCache.RedisCache - 缓存对象保存失败java.lang.ClassCastException: org.apache.ibatis.cache.CacheKey cannot be cast to java.lang.String
2020-02-11 16:43:43.870 [http-nio-8078-exec-4] ERROR com.otoko.startercommon.redisCache.RedisCache - 缓存对象获取失败java.lang.ClassCastException: org.apache.ibatis.cache.CacheKey cannot be cast to java.lang.String
2020-02-11 16:43:43.874 [http-nio-8078-exec-4] ERROR com.otoko.startercommon.redisCache.RedisCache - 缓存对象保存失败java.lang.ClassCastException: org.apache.ibatis.cache.CacheKey cannot be cast to java.lang.String
2020-02-11 17:27:01.887 [http-nio-8078-exec-5] ERROR com.otoko.startercommon.redisCache.RedisCache - 缓存对象获取失败java.lang.ClassCastException: org.apache.ibatis.cache.CacheKey cannot be cast to java.lang.String
2020-02-11 17:27:01.908 [http-nio-8078-exec-5] ERROR com.otoko.startercommon.redisCache.RedisCache - 缓存对象保存失败java.lang.ClassCastException: org.apache.ibatis.cache.CacheKey cannot be cast to java.lang.String
