2020-04-12 10:13:49.033 [http-nio-8078-exec-1] ERROR com.otoko.startercommon.redisCache.RedisCache - 缓存对象获取失败java.lang.ClassCastException: org.apache.ibatis.cache.CacheKey cannot be cast to java.lang.String
2020-04-12 10:13:49.041 [http-nio-8078-exec-1] ERROR com.otoko.startercommon.redisCache.RedisCache - 缓存对象保存失败java.lang.ClassCastException: org.apache.ibatis.cache.CacheKey cannot be cast to java.lang.String
2020-04-12 10:13:49.193 [http-nio-8078-exec-3] ERROR com.otoko.startercommon.redisCache.RedisCache - 缓存对象获取失败java.lang.ClassCastException: org.apache.ibatis.cache.CacheKey cannot be cast to java.lang.String
2020-04-12 10:13:49.211 [http-nio-8078-exec-3] ERROR com.otoko.startercommon.redisCache.RedisCache - 缓存对象保存失败java.lang.ClassCastException: org.apache.ibatis.cache.CacheKey cannot be cast to java.lang.String
2020-04-12 12:44:46.160 [http-nio-8078-exec-7] ERROR com.otoko.startercommon.redisCache.RedisCache - 缓存对象获取失败java.lang.ClassCastException: org.apache.ibatis.cache.CacheKey cannot be cast to java.lang.String
2020-04-12 12:44:46.179 [http-nio-8078-exec-7] ERROR com.otoko.startercommon.redisCache.RedisCache - 缓存对象保存失败java.lang.ClassCastException: org.apache.ibatis.cache.CacheKey cannot be cast to java.lang.String
2020-04-12 12:44:46.410 [http-nio-8078-exec-1] ERROR com.otoko.startercommon.redisCache.RedisCache - 缓存对象获取失败java.lang.ClassCastException: org.apache.ibatis.cache.CacheKey cannot be cast to java.lang.String
2020-04-12 12:44:46.418 [http-nio-8078-exec-1] ERROR com.otoko.startercommon.redisCache.RedisCache - 缓存对象保存失败java.lang.ClassCastException: org.apache.ibatis.cache.CacheKey cannot be cast to java.lang.String
2020-04-12 12:57:45.045 [http-nio-8078-exec-2] ERROR com.otoko.startercommon.redisCache.RedisCache - 缓存对象获取失败java.lang.ClassCastException: org.apache.ibatis.cache.CacheKey cannot be cast to java.lang.String
2020-04-12 12:57:45.083 [http-nio-8078-exec-2] ERROR com.otoko.startercommon.redisCache.RedisCache - 缓存对象保存失败java.lang.ClassCastException: org.apache.ibatis.cache.CacheKey cannot be cast to java.lang.String
2020-04-12 13:01:19.201 [http-nio-8078-exec-7] ERROR com.otoko.startercommon.redisCache.RedisCache - 缓存对象获取失败java.lang.ClassCastException: org.apache.ibatis.cache.CacheKey cannot be cast to java.lang.String
2020-04-12 13:01:19.228 [http-nio-8078-exec-7] ERROR com.otoko.startercommon.redisCache.RedisCache - 缓存对象保存失败java.lang.ClassCastException: org.apache.ibatis.cache.CacheKey cannot be cast to java.lang.String
2020-04-12 13:01:42.307 [http-nio-8078-exec-1] ERROR com.otoko.startercommon.redisCache.RedisCache - 缓存对象获取失败java.lang.ClassCastException: org.apache.ibatis.cache.CacheKey cannot be cast to java.lang.String
2020-04-12 13:01:42.313 [http-nio-8078-exec-1] ERROR com.otoko.startercommon.redisCache.RedisCache - 缓存对象保存失败java.lang.ClassCastException: org.apache.ibatis.cache.CacheKey cannot be cast to java.lang.String
2020-04-12 15:45:29.319 [http-nio-8078-exec-5] ERROR com.otoko.startercommon.redisCache.RedisCache - 缓存对象获取失败java.lang.ClassCastException: org.apache.ibatis.cache.CacheKey cannot be cast to java.lang.String
2020-04-12 15:45:29.334 [http-nio-8078-exec-5] ERROR com.otoko.startercommon.redisCache.RedisCache - 缓存对象保存失败java.lang.ClassCastException: org.apache.ibatis.cache.CacheKey cannot be cast to java.lang.String
2020-04-12 15:45:42.465 [http-nio-8078-exec-3] ERROR com.otoko.startercommon.redisCache.RedisCache - 缓存对象获取失败java.lang.ClassCastException: org.apache.ibatis.cache.CacheKey cannot be cast to java.lang.String
2020-04-12 15:45:42.495 [http-nio-8078-exec-3] ERROR com.otoko.startercommon.redisCache.RedisCache - 缓存对象保存失败java.lang.ClassCastException: org.apache.ibatis.cache.CacheKey cannot be cast to java.lang.String
2020-04-12 15:53:48.368 [http-nio-8078-exec-2] ERROR com.otoko.startercommon.redisCache.RedisCache - 缓存对象获取失败java.lang.ClassCastException: org.apache.ibatis.cache.CacheKey cannot be cast to java.lang.String
2020-04-12 15:53:48.385 [http-nio-8078-exec-2] ERROR com.otoko.startercommon.redisCache.RedisCache - 缓存对象保存失败java.lang.ClassCastException: org.apache.ibatis.cache.CacheKey cannot be cast to java.lang.String
2020-04-12 15:53:54.643 [http-nio-8078-exec-3] ERROR com.otoko.startercommon.redisCache.RedisCache - 缓存对象获取失败java.lang.ClassCastException: org.apache.ibatis.cache.CacheKey cannot be cast to java.lang.String
2020-04-12 15:53:54.682 [http-nio-8078-exec-3] ERROR com.otoko.startercommon.redisCache.RedisCache - 缓存对象保存失败java.lang.ClassCastException: org.apache.ibatis.cache.CacheKey cannot be cast to java.lang.String
2020-04-12 16:50:49.141 [http-nio-8078-exec-9] ERROR com.otoko.startercommon.redisCache.RedisCache - 缓存对象获取失败java.lang.ClassCastException: org.apache.ibatis.cache.CacheKey cannot be cast to java.lang.String
2020-04-12 16:50:49.162 [http-nio-8078-exec-9] ERROR com.otoko.startercommon.redisCache.RedisCache - 缓存对象保存失败java.lang.ClassCastException: org.apache.ibatis.cache.CacheKey cannot be cast to java.lang.String
2020-04-12 16:53:19.332 [http-nio-8078-exec-5] ERROR com.otoko.startercommon.redisCache.RedisCache - 缓存对象获取失败java.lang.ClassCastException: org.apache.ibatis.cache.CacheKey cannot be cast to java.lang.String
2020-04-12 16:53:19.344 [http-nio-8078-exec-5] ERROR com.otoko.startercommon.redisCache.RedisCache - 缓存对象保存失败java.lang.ClassCastException: org.apache.ibatis.cache.CacheKey cannot be cast to java.lang.String
2020-04-12 16:59:12.698 [http-nio-8078-exec-4] ERROR org.thymeleaf.TemplateEngine - [THYMELEAF][http-nio-8078-exec-4] Exception processing template "system/role/tabulation": Error resolving template "system/role/tabulation", template might not exist or might not be accessible by any of the configured Template Resolvers
org.thymeleaf.exceptions.TemplateInputException: Error resolving template "system/role/tabulation", template might not exist or might not be accessible by any of the configured Template Resolvers
	at org.thymeleaf.engine.TemplateManager.resolveTemplate(TemplateManager.java:870)
	at org.thymeleaf.engine.TemplateManager.parseAndProcess(TemplateManager.java:607)
	at org.thymeleaf.TemplateEngine.process(TemplateEngine.java:1098)
	at org.thymeleaf.TemplateEngine.process(TemplateEngine.java:1072)
	at org.thymeleaf.spring5.view.ThymeleafView.renderFragment(ThymeleafView.java:354)
	at org.thymeleaf.spring5.view.ThymeleafView.render(ThymeleafView.java:187)
	at org.springframework.web.servlet.DispatcherServlet.render(DispatcherServlet.java:1325)
	at org.springframework.web.servlet.DispatcherServlet.processDispatchResult(DispatcherServlet.java:1069)
	at org.springframework.web.servlet.DispatcherServlet.doDispatch(DispatcherServlet.java:1008)
	at org.springframework.web.servlet.DispatcherServlet.doService(DispatcherServlet.java:925)
	at org.springframework.web.servlet.FrameworkServlet.processRequest(FrameworkServlet.java:974)
	at org.springframework.web.servlet.FrameworkServlet.doGet(FrameworkServlet.java:866)
	at javax.servlet.http.HttpServlet.service(HttpServlet.java:687)
	at org.springframework.web.servlet.FrameworkServlet.service(FrameworkServlet.java:851)
	at javax.servlet.http.HttpServlet.service(HttpServlet.java:790)
	at org.apache.catalina.core.ApplicationFilterChain.internalDoFilter(ApplicationFilterChain.java:231)
	at org.apache.catalina.core.ApplicationFilterChain.doFilter(ApplicationFilterChain.java:166)
	at org.apache.tomcat.websocket.server.WsFilter.doFilter(WsFilter.java:52)
	at org.apache.catalina.core.ApplicationFilterChain.internalDoFilter(ApplicationFilterChain.java:193)
	at org.apache.catalina.core.ApplicationFilterChain.doFilter(ApplicationFilterChain.java:166)
	at org.apache.shiro.web.servlet.ProxiedFilterChain.doFilter(ProxiedFilterChain.java:61)
	at org.apache.shiro.web.servlet.AdviceFilter.executeChain(AdviceFilter.java:108)
	at org.apache.shiro.web.servlet.AdviceFilter.doFilterInternal(AdviceFilter.java:137)
	at org.apache.shiro.web.servlet.OncePerRequestFilter.doFilter(OncePerRequestFilter.java:125)
	at org.apache.shiro.web.servlet.ProxiedFilterChain.doFilter(ProxiedFilterChain.java:66)
	at org.apache.shiro.web.servlet.AbstractShiroFilter.executeChain(AbstractShiroFilter.java:449)
	at org.apache.shiro.web.servlet.AbstractShiroFilter$1.call(AbstractShiroFilter.java:365)
	at org.apache.shiro.subject.support.SubjectCallable.doCall(SubjectCallable.java:90)
	at org.apache.shiro.subject.support.SubjectCallable.call(SubjectCallable.java:83)
	at org.apache.shiro.subject.support.DelegatingSubject.execute(DelegatingSubject.java:387)
	at org.apache.shiro.web.servlet.AbstractShiroFilter.doFilterInternal(AbstractShiroFilter.java:362)
	at org.apache.shiro.web.servlet.OncePerRequestFilter.doFilter(OncePerRequestFilter.java:125)
	at org.apache.catalina.core.ApplicationFilterChain.internalDoFilter(ApplicationFilterChain.java:193)
	at org.apache.catalina.core.ApplicationFilterChain.doFilter(ApplicationFilterChain.java:166)
	at com.otoko.starteradmincontroller.handler.ShiroOriginFilter.doFilter(ShiroOriginFilter.java:37)
	at org.apache.catalina.core.ApplicationFilterChain.internalDoFilter(ApplicationFilterChain.java:193)
	at org.apache.catalina.core.ApplicationFilterChain.doFilter(ApplicationFilterChain.java:166)
	at com.alibaba.druid.support.http.WebStatFilter.doFilter(WebStatFilter.java:123)
	at org.apache.catalina.core.ApplicationFilterChain.internalDoFilter(ApplicationFilterChain.java:193)
	at org.apache.catalina.core.ApplicationFilterChain.doFilter(ApplicationFilterChain.java:166)
	at org.springframework.web.filter.RequestContextFilter.doFilterInternal(RequestContextFilter.java:99)
	at org.springframework.web.filter.OncePerRequestFilter.doFilter(OncePerRequestFilter.java:107)
	at org.apache.catalina.core.ApplicationFilterChain.internalDoFilter(ApplicationFilterChain.java:193)
	at org.apache.catalina.core.ApplicationFilterChain.doFilter(ApplicationFilterChain.java:166)
	at org.springframework.web.filter.HttpPutFormContentFilter.doFilterInternal(HttpPutFormContentFilter.java:109)
	at org.springframework.web.filter.OncePerRequestFilter.doFilter(OncePerRequestFilter.java:107)
	at org.apache.catalina.core.ApplicationFilterChain.internalDoFilter(ApplicationFilterChain.java:193)
	at org.apache.catalina.core.ApplicationFilterChain.doFilter(ApplicationFilterChain.java:166)
	at org.springframework.web.filter.HiddenHttpMethodFilter.doFilterInternal(HiddenHttpMethodFilter.java:93)
	at org.springframework.web.filter.OncePerRequestFilter.doFilter(OncePerRequestFilter.java:107)
	at org.apache.catalina.core.ApplicationFilterChain.internalDoFilter(ApplicationFilterChain.java:193)
	at org.apache.catalina.core.ApplicationFilterChain.doFilter(ApplicationFilterChain.java:166)
	at org.springframework.session.web.http.SessionRepositoryFilter.doFilterInternal(SessionRepositoryFilter.java:147)
	at org.springframework.session.web.http.OncePerRequestFilter.doFilter(OncePerRequestFilter.java:81)
	at org.apache.catalina.core.ApplicationFilterChain.internalDoFilter(ApplicationFilterChain.java:193)
	at org.apache.catalina.core.ApplicationFilterChain.doFilter(ApplicationFilterChain.java:166)
	at org.springframework.web.filter.CharacterEncodingFilter.doFilterInternal(CharacterEncodingFilter.java:200)
	at org.springframework.web.filter.OncePerRequestFilter.doFilter(OncePerRequestFilter.java:107)
	at org.apache.catalina.core.ApplicationFilterChain.internalDoFilter(ApplicationFilterChain.java:193)
	at org.apache.catalina.core.ApplicationFilterChain.doFilter(ApplicationFilterChain.java:166)
	at org.apache.catalina.core.StandardWrapperValve.invoke(StandardWrapperValve.java:198)
	at org.apache.catalina.core.StandardContextValve.invoke(StandardContextValve.java:96)
	at org.apache.catalina.authenticator.AuthenticatorBase.invoke(AuthenticatorBase.java:493)
	at org.apache.catalina.core.StandardHostValve.invoke(StandardHostValve.java:140)
	at org.apache.catalina.valves.ErrorReportValve.invoke(ErrorReportValve.java:81)
	at org.apache.catalina.core.StandardEngineValve.invoke(StandardEngineValve.java:87)
	at org.apache.catalina.connector.CoyoteAdapter.service(CoyoteAdapter.java:342)
	at org.apache.coyote.http11.Http11Processor.service(Http11Processor.java:800)
	at org.apache.coyote.AbstractProcessorLight.process(AbstractProcessorLight.java:66)
	at org.apache.coyote.AbstractProtocol$ConnectionHandler.process(AbstractProtocol.java:806)
	at org.apache.tomcat.util.net.NioEndpoint$SocketProcessor.doRun(NioEndpoint.java:1498)
	at org.apache.tomcat.util.net.SocketProcessorBase.run(SocketProcessorBase.java:49)
	at java.util.concurrent.ThreadPoolExecutor.runWorker(ThreadPoolExecutor.java:1149)
	at java.util.concurrent.ThreadPoolExecutor$Worker.run(ThreadPoolExecutor.java:624)
	at org.apache.tomcat.util.threads.TaskThread$WrappingRunnable.run(TaskThread.java:61)
	at java.lang.Thread.run(Thread.java:748)
2020-04-12 16:59:12.702 [http-nio-8078-exec-4] ERROR org.apache.catalina.core.ContainerBase.[Tomcat].[localhost].[/].[dispatcherServlet] - Servlet.service() for servlet [dispatcherServlet] in context with path [] threw exception [Request processing failed; nested exception is org.thymeleaf.exceptions.TemplateInputException: Error resolving template "system/role/tabulation", template might not exist or might not be accessible by any of the configured Template Resolvers] with root cause
org.thymeleaf.exceptions.TemplateInputException: Error resolving template "system/role/tabulation", template might not exist or might not be accessible by any of the configured Template Resolvers
	at org.thymeleaf.engine.TemplateManager.resolveTemplate(TemplateManager.java:870)
	at org.thymeleaf.engine.TemplateManager.parseAndProcess(TemplateManager.java:607)
	at org.thymeleaf.TemplateEngine.process(TemplateEngine.java:1098)
	at org.thymeleaf.TemplateEngine.process(TemplateEngine.java:1072)
	at org.thymeleaf.spring5.view.ThymeleafView.renderFragment(ThymeleafView.java:354)
	at org.thymeleaf.spring5.view.ThymeleafView.render(ThymeleafView.java:187)
	at org.springframework.web.servlet.DispatcherServlet.render(DispatcherServlet.java:1325)
	at org.springframework.web.servlet.DispatcherServlet.processDispatchResult(DispatcherServlet.java:1069)
	at org.springframework.web.servlet.DispatcherServlet.doDispatch(DispatcherServlet.java:1008)
	at org.springframework.web.servlet.DispatcherServlet.doService(DispatcherServlet.java:925)
	at org.springframework.web.servlet.FrameworkServlet.processRequest(FrameworkServlet.java:974)
	at org.springframework.web.servlet.FrameworkServlet.doGet(FrameworkServlet.java:866)
	at javax.servlet.http.HttpServlet.service(HttpServlet.java:687)
	at org.springframework.web.servlet.FrameworkServlet.service(FrameworkServlet.java:851)
	at javax.servlet.http.HttpServlet.service(HttpServlet.java:790)
	at org.apache.catalina.core.ApplicationFilterChain.internalDoFilter(ApplicationFilterChain.java:231)
	at org.apache.catalina.core.ApplicationFilterChain.doFilter(ApplicationFilterChain.java:166)
	at org.apache.tomcat.websocket.server.WsFilter.doFilter(WsFilter.java:52)
	at org.apache.catalina.core.ApplicationFilterChain.internalDoFilter(ApplicationFilterChain.java:193)
	at org.apache.catalina.core.ApplicationFilterChain.doFilter(ApplicationFilterChain.java:166)
	at org.apache.shiro.web.servlet.ProxiedFilterChain.doFilter(ProxiedFilterChain.java:61)
	at org.apache.shiro.web.servlet.AdviceFilter.executeChain(AdviceFilter.java:108)
	at org.apache.shiro.web.servlet.AdviceFilter.doFilterInternal(AdviceFilter.java:137)
	at org.apache.shiro.web.servlet.OncePerRequestFilter.doFilter(OncePerRequestFilter.java:125)
	at org.apache.shiro.web.servlet.ProxiedFilterChain.doFilter(ProxiedFilterChain.java:66)
	at org.apache.shiro.web.servlet.AbstractShiroFilter.executeChain(AbstractShiroFilter.java:449)
	at org.apache.shiro.web.servlet.AbstractShiroFilter$1.call(AbstractShiroFilter.java:365)
	at org.apache.shiro.subject.support.SubjectCallable.doCall(SubjectCallable.java:90)
	at org.apache.shiro.subject.support.SubjectCallable.call(SubjectCallable.java:83)
	at org.apache.shiro.subject.support.DelegatingSubject.execute(DelegatingSubject.java:387)
	at org.apache.shiro.web.servlet.AbstractShiroFilter.doFilterInternal(AbstractShiroFilter.java:362)
	at org.apache.shiro.web.servlet.OncePerRequestFilter.doFilter(OncePerRequestFilter.java:125)
	at org.apache.catalina.core.ApplicationFilterChain.internalDoFilter(ApplicationFilterChain.java:193)
	at org.apache.catalina.core.ApplicationFilterChain.doFilter(ApplicationFilterChain.java:166)
	at com.otoko.starteradmincontroller.handler.ShiroOriginFilter.doFilter(ShiroOriginFilter.java:37)
	at org.apache.catalina.core.ApplicationFilterChain.internalDoFilter(ApplicationFilterChain.java:193)
	at org.apache.catalina.core.ApplicationFilterChain.doFilter(ApplicationFilterChain.java:166)
	at com.alibaba.druid.support.http.WebStatFilter.doFilter(WebStatFilter.java:123)
	at org.apache.catalina.core.ApplicationFilterChain.internalDoFilter(ApplicationFilterChain.java:193)
	at org.apache.catalina.core.ApplicationFilterChain.doFilter(ApplicationFilterChain.java:166)
	at org.springframework.web.filter.RequestContextFilter.doFilterInternal(RequestContextFilter.java:99)
	at org.springframework.web.filter.OncePerRequestFilter.doFilter(OncePerRequestFilter.java:107)
	at org.apache.catalina.core.ApplicationFilterChain.internalDoFilter(ApplicationFilterChain.java:193)
	at org.apache.catalina.core.ApplicationFilterChain.doFilter(ApplicationFilterChain.java:166)
	at org.springframework.web.filter.HttpPutFormContentFilter.doFilterInternal(HttpPutFormContentFilter.java:109)
	at org.springframework.web.filter.OncePerRequestFilter.doFilter(OncePerRequestFilter.java:107)
	at org.apache.catalina.core.ApplicationFilterChain.internalDoFilter(ApplicationFilterChain.java:193)
	at org.apache.catalina.core.ApplicationFilterChain.doFilter(ApplicationFilterChain.java:166)
	at org.springframework.web.filter.HiddenHttpMethodFilter.doFilterInternal(HiddenHttpMethodFilter.java:93)
	at org.springframework.web.filter.OncePerRequestFilter.doFilter(OncePerRequestFilter.java:107)
	at org.apache.catalina.core.ApplicationFilterChain.internalDoFilter(ApplicationFilterChain.java:193)
	at org.apache.catalina.core.ApplicationFilterChain.doFilter(ApplicationFilterChain.java:166)
	at org.springframework.session.web.http.SessionRepositoryFilter.doFilterInternal(SessionRepositoryFilter.java:147)
	at org.springframework.session.web.http.OncePerRequestFilter.doFilter(OncePerRequestFilter.java:81)
	at org.apache.catalina.core.ApplicationFilterChain.internalDoFilter(ApplicationFilterChain.java:193)
	at org.apache.catalina.core.ApplicationFilterChain.doFilter(ApplicationFilterChain.java:166)
	at org.springframework.web.filter.CharacterEncodingFilter.doFilterInternal(CharacterEncodingFilter.java:200)
	at org.springframework.web.filter.OncePerRequestFilter.doFilter(OncePerRequestFilter.java:107)
	at org.apache.catalina.core.ApplicationFilterChain.internalDoFilter(ApplicationFilterChain.java:193)
	at org.apache.catalina.core.ApplicationFilterChain.doFilter(ApplicationFilterChain.java:166)
	at org.apache.catalina.core.StandardWrapperValve.invoke(StandardWrapperValve.java:198)
	at org.apache.catalina.core.StandardContextValve.invoke(StandardContextValve.java:96)
	at org.apache.catalina.authenticator.AuthenticatorBase.invoke(AuthenticatorBase.java:493)
	at org.apache.catalina.core.StandardHostValve.invoke(StandardHostValve.java:140)
	at org.apache.catalina.valves.ErrorReportValve.invoke(ErrorReportValve.java:81)
	at org.apache.catalina.core.StandardEngineValve.invoke(StandardEngineValve.java:87)
	at org.apache.catalina.connector.CoyoteAdapter.service(CoyoteAdapter.java:342)
	at org.apache.coyote.http11.Http11Processor.service(Http11Processor.java:800)
	at org.apache.coyote.AbstractProcessorLight.process(AbstractProcessorLight.java:66)
	at org.apache.coyote.AbstractProtocol$ConnectionHandler.process(AbstractProtocol.java:806)
	at org.apache.tomcat.util.net.NioEndpoint$SocketProcessor.doRun(NioEndpoint.java:1498)
	at org.apache.tomcat.util.net.SocketProcessorBase.run(SocketProcessorBase.java:49)
	at java.util.concurrent.ThreadPoolExecutor.runWorker(ThreadPoolExecutor.java:1149)
	at java.util.concurrent.ThreadPoolExecutor$Worker.run(ThreadPoolExecutor.java:624)
	at org.apache.tomcat.util.threads.TaskThread$WrappingRunnable.run(TaskThread.java:61)
	at java.lang.Thread.run(Thread.java:748)
2020-04-12 16:59:18.861 [http-nio-8078-exec-1] ERROR com.otoko.startercommon.redisCache.RedisCache - 缓存对象获取失败java.lang.ClassCastException: org.apache.ibatis.cache.CacheKey cannot be cast to java.lang.String
2020-04-12 16:59:18.868 [http-nio-8078-exec-1] ERROR com.otoko.startercommon.redisCache.RedisCache - 缓存对象保存失败java.lang.ClassCastException: org.apache.ibatis.cache.CacheKey cannot be cast to java.lang.String
2020-04-12 17:06:24.964 [http-nio-8078-exec-10] ERROR com.otoko.startercommon.redisCache.RedisCache - 缓存对象获取失败java.lang.ClassCastException: org.apache.ibatis.cache.CacheKey cannot be cast to java.lang.String
2020-04-12 17:06:24.976 [http-nio-8078-exec-10] ERROR com.otoko.startercommon.redisCache.RedisCache - 缓存对象保存失败java.lang.ClassCastException: org.apache.ibatis.cache.CacheKey cannot be cast to java.lang.String
